::1 - - [21/May/2025:11:01:36 +0000] "GET / HTTP/1.1" 404 139 "-" "Mozilla/5.0 (Windows NT 10.0; Win64; x64) AppleWebKit/537.36 (KHTML, like Gecko) Chrome/136.0.0.0 Safari/537.36 Edg/136.0.0.0"
::1 - - [21/May/2025:11:02:23 +0000] "GET / HTTP/1.1" 404 139 "-" "Mozilla/5.0 (Windows NT 10.0; Win64; x64) AppleWebKit/537.36 (KHTML, like Gecko) Chrome/136.0.0.0 Safari/537.36 Edg/136.0.0.0"
::1 - - [25/May/2025:12:19:36 +0000] "GET / HTTP/1.1" 404 139 "-" "Mozilla/5.0 (Windows NT 10.0; Win64; x64) AppleWebKit/537.36 (KHTML, like Gecko) Chrome/136.0.0.0 Safari/537.36 Edg/136.0.0.0"
::1 - - [25/May/2025:12:21:24 +0000] "GET /api/books HTTP/1.1" 500 - "-" "PostmanRuntime/7.43.4"
::1 - - [25/May/2025:12:21:46 +0000] "GET /api/books/ HTTP/1.1" 500 - "-" "PostmanRuntime/7.43.4"
::1 - - [25/May/2025:12:22:06 +0000] "POST /api/books/ HTTP/1.1" 500 - "-" "PostmanRuntime/7.43.4"
::1 - - [25/May/2025:12:22:18 +0000] "POST /api/books/ HTTP/1.1" 500 - "-" "PostmanRuntime/7.43.4"
::1 - - [25/May/2025:12:25:29 +0000] "GET / HTTP/1.1" 404 139 "-" "Mozilla/5.0 (Windows NT 10.0; Win64; x64) AppleWebKit/537.36 (KHTML, like Gecko) Chrome/136.0.0.0 Safari/537.36 Edg/136.0.0.0"
::1 - - [25/May/2025:12:26:06 +0000] "GET /api/books HTTP/1.1" 500 - "-" "PostmanRuntime/7.43.4"
::1 - - [26/May/2025:07:50:21 +0000] "GET / HTTP/1.1" 404 139 "-" "Mozilla/5.0 (Windows NT 10.0; Win64; x64) AppleWebKit/537.36 (KHTML, like Gecko) Chrome/136.0.0.0 Safari/537.36 Edg/136.0.0.0"
::1 - - [26/May/2025:07:51:07 +0000] "POST /api/books/ HTTP/1.1" 403 - "-" "PostmanRuntime/7.43.4"
::1 - - [26/May/2025:07:54:47 +0000] "POST /api/books/ HTTP/1.1" 403 - "-" "PostmanRuntime/7.43.4"
::1 - - [26/May/2025:07:56:40 +0000] "POST /api/books/ HTTP/1.1" 403 - "-" "PostmanRuntime/7.43.4"
::1 - - [26/May/2025:07:57:36 +0000] "GET /api/books HTTP/1.1" 500 - "-" "PostmanRuntime/7.43.4"
::1 - - [26/May/2025:07:59:45 +0000] "GET /api/books HTTP/1.1" 500 - "-" "PostmanRuntime/7.43.4"
::1 - - [26/May/2025:08:00:18 +0000] "GET /api/books HTTP/1.1" 200 12663 "-" "PostmanRuntime/7.43.4"
::1 - - [26/May/2025:08:00:34 +0000] "POST /api/books/ HTTP/1.1" 403 - "-" "PostmanRuntime/7.43.4"
::1 - - [26/May/2025:08:00:45 +0000] "POST /api/books/ HTTP/1.1" 403 - "-" "PostmanRuntime/7.43.4"
::1 - - [26/May/2025:08:12:04 +0000] "POST /api/books/ HTTP/1.1" 403 - "-" "PostmanRuntime/7.43.4"
::1 - - [26/May/2025:08:15:27 +0000] "POST /api/books/ HTTP/1.1" 403 - "-" "PostmanRuntime/7.43.4"
::1 - - [26/May/2025:08:16:44 +0000] "POST /api/books/ HTTP/1.1" 200 147 "-" "PostmanRuntime/7.43.4"
::1 - - [26/May/2025:08:16:53 +0000] "GET /api/books HTTP/1.1" 200 20476 "-" "PostmanRuntime/7.43.4"
::1 - - [26/May/2025:08:36:50 +0000] "GET /api/books/genre/ HTTP/1.1" 500 - "-" "PostmanRuntime/7.43.4"
::1 - - [26/May/2025:08:37:35 +0000] "GET /api/books/genre/love HTTP/1.1" 404 159 "-" "PostmanRuntime/7.43.4"
::1 - - [26/May/2025:08:37:50 +0000] "GET /api/books/genre=love HTTP/1.1" 404 159 "-" "PostmanRuntime/7.43.4"
::1 - - [26/May/2025:08:38:03 +0000] "GET /api/books/genre=?love HTTP/1.1" 404 155 "-" "PostmanRuntime/7.43.4"
::1 - - [26/May/2025:08:39:00 +0000] "GET /api/books/ HTTP/1.1" 200 20476 "-" "PostmanRuntime/7.43.4"
::1 - - [26/May/2025:08:39:43 +0000] "GET /api/books/genre?genre=Fantasy HTTP/1.1" 500 - "-" "PostmanRuntime/7.43.4"
::1 - - [26/May/2025:08:39:52 +0000] "GET /api/books/genre?genre=fantasy HTTP/1.1" 200 10602 "-" "PostmanRuntime/7.43.4"
::1 - - [26/May/2025:09:01:00 +0000] "GET /api/books?id=6 HTTP/1.1" 200 20476 "-" "PostmanRuntime/7.43.4"
::1 - - [26/May/2025:09:01:37 +0000] "DELETE /api/books?id=6 HTTP/1.1" 404 151 "-" "PostmanRuntime/7.43.4"
::1 - - [26/May/2025:09:02:30 +0000] "DELETE /api/books/?id=6 HTTP/1.1" 404 152 "-" "PostmanRuntime/7.43.4"
::1 - - [26/May/2025:09:03:15 +0000] "DELETE /api/books?id=6 HTTP/1.1" 404 151 "-" "PostmanRuntime/7.43.4"
::1 - - [26/May/2025:09:06:52 +0000] "DELETE /api/books?id=4c9d0625-1148-46d7-84b5-c1b4d302b316 HTTP/1.1" 404 151 "-" "PostmanRuntime/7.43.4"
::1 - - [26/May/2025:09:10:14 +0000] "DELETE /api/books?id=82845486-668a-47ad-b04c-b883c53baec9 HTTP/1.1" 404 151 "-" "PostmanRuntime/7.43.4"
::1 - - [26/May/2025:09:10:48 +0000] "DELETE /api/books?id=%2782845486-668a-47ad-b04c-b883c53baec9%27 HTTP/1.1" 404 151 "-" "PostmanRuntime/7.43.4"
::1 - - [26/May/2025:09:10:56 +0000] "DELETE /api/books?id=82845486-668a-47ad-b04c-b883c53baec9 HTTP/1.1" 404 151 "-" "PostmanRuntime/7.43.4"
::1 - - [26/May/2025:09:11:52 +0000] "DELETE /api/books?id=82845486-668a-47ad-b04c-b883c53baec9 HTTP/1.1" 400 - "-" "PostmanRuntime/7.43.4"
::1 - - [26/May/2025:09:13:47 +0000] "DELETE /api/books?id=82845486-668a-47ad-b04c-b883c53baec9 HTTP/1.1" 400 - "-" "PostmanRuntime/7.43.4"
::1 - - [26/May/2025:09:14:09 +0000] "DELETE /api/books?id=82845486-668a-47ad-b04c-b883c53baec9 HTTP/1.1" 400 - "-" "PostmanRuntime/7.43.4"
::1 - - [26/May/2025:09:14:13 +0000] "DELETE /api/books?id=82845486-668a-47ad-b04c-b883c53baec9 HTTP/1.1" 400 - "-" "PostmanRuntime/7.43.4"
::1 - - [26/May/2025:09:34:55 +0000] "DELETE /api/books?id=82845486-668a-47ad-b04c-b883c53baec9 HTTP/1.1" 400 - "-" "PostmanRuntime/7.43.4"
::1 - - [26/May/2025:09:36:51 +0000] "DELETE /api/books?id=82845486-668a-47ad-b04c-b883c53baec9 HTTP/1.1" 200 2 "-" "PostmanRuntime/7.43.4"
::1 - - [26/May/2025:09:38:45 +0000] "DELETE /api/books?id=0 HTTP/1.1" 200 2 "-" "PostmanRuntime/7.43.4"
::1 - - [26/May/2025:09:39:00 +0000] "DELETE /api/books?id=6 HTTP/1.1" 200 2 "-" "PostmanRuntime/7.43.4"
::1 - - [26/May/2025:09:40:05 +0000] "DELETE /api/books?id=28373%20 HTTP/1.1" 400 - "-" "PostmanRuntime/7.43.4"
::1 - - [26/May/2025:09:40:16 +0000] "DELETE /api/books?id=28373%20 HTTP/1.1" 400 - "-" "PostmanRuntime/7.43.4"
::1 - - [26/May/2025:09:41:44 +0000] "DELETE /api/books?id=28373%20 HTTP/1.1" 400 - "-" "PostmanRuntime/7.43.4"
::1 - - [26/May/2025:09:42:41 +0000] "DELETE /api/books?id=94%20 HTTP/1.1" 400 - "-" "PostmanRuntime/7.43.4"
::1 - - [26/May/2025:09:43:03 +0000] "DELETE /api/books?id=9%20 HTTP/1.1" 200 2 "-" "PostmanRuntime/7.43.4"
::1 - - [26/May/2025:09:44:05 +0000] "DELETE /api/books?id=94%20 HTTP/1.1" 200 2 "-" "PostmanRuntime/7.43.4"
::1 - - [26/May/2025:09:44:19 +0000] "DELETE /api/books?id=6 HTTP/1.1" 400 - "-" "PostmanRuntime/7.43.4"
::1 - - [26/May/2025:09:46:17 +0000] "DELETE /api/books?id=28373 HTTP/1.1" 400 - "-" "PostmanRuntime/7.43.4"
::1 - - [26/May/2025:09:47:08 +0000] "DELETE /api/books?id=28373 HTTP/1.1" 200 2 "-" "PostmanRuntime/7.43.4"
::1 - - [26/May/2025:09:51:41 +0000] "POST /api/books/genre HTTP/1.1" 404 155 "-" "PostmanRuntime/7.43.4"
::1 - - [26/May/2025:09:52:14 +0000] "POST /api/books/ HTTP/1.1" 200 167 "-" "PostmanRuntime/7.43.4"
::1 - - [26/May/2025:09:52:26 +0000] "POST /api/books/ HTTP/1.1" 200 157 "-" "PostmanRuntime/7.43.4"
::1 - - [26/May/2025:09:52:42 +0000] "POST /api/books/ HTTP/1.1" 200 145 "-" "PostmanRuntime/7.43.4"
::1 - - [26/May/2025:09:53:08 +0000] "POST /api/books/ HTTP/1.1" 200 136 "-" "PostmanRuntime/7.43.4"
::1 - - [26/May/2025:09:57:16 +0000] "GET /api/books/ HTTP/1.1" 200 20734 "-" "PostmanRuntime/7.43.4"
::1 - - [26/May/2025:10:22:25 +0000] "PUT /api/books/?id=4c9d0625-1148-46d7-84b5-c1b4d302b316&reader=Jhon HTTP/1.1" 404 149 "-" "PostmanRuntime/7.43.4"
::1 - - [26/May/2025:10:22:46 +0000] "PUT /api/books/?id=4c9d0625-1148-46d7-84b5-c1b4d302b316 HTTP/1.1" 404 149 "-" "PostmanRuntime/7.43.4"
::1 - - [26/May/2025:10:23:00 +0000] "PUT /api/books/?id=4c9d0625-1148-46d7-84b5-c1b4d302b316 HTTP/1.1" 404 149 "-" "PostmanRuntime/7.43.4"
::1 - - [26/May/2025:10:23:18 +0000] "PUT /api/books/?id=4c9d0625-1148-46d7-84b5-c1b4d302b316&reader=Jhon HTTP/1.1" 404 149 "-" "PostmanRuntime/7.43.4"
::1 - - [26/May/2025:10:23:40 +0000] "PUT /api/books/return?id=4c9d0625-1148-46d7-84b5-c1b4d302b316&reader=Jhon HTTP/1.1" 500 - "-" "PostmanRuntime/7.43.4"
::1 - - [26/May/2025:10:23:56 +0000] "PUT /api/books/return?id=4c9d0625-1148-46d7-84b5-c1b4d302b316 HTTP/1.1" 500 - "-" "PostmanRuntime/7.43.4"
::1 - - [26/May/2025:10:24:01 +0000] "PUT /api/books/return?id=4c9d0625-1148-46d7-84b5-c1b4d302b316 HTTP/1.1" 500 - "-" "PostmanRuntime/7.43.4"
::1 - - [26/May/2025:10:25:51 +0000] "PUT /api/books/return?id=4c9d0625-1148-46d7-84b5-c1b4d302b316 HTTP/1.1" 500 - "-" "PostmanRuntime/7.43.4"
::1 - - [26/May/2025:10:27:56 +0000] "PUT /api/books/return?id=4c9d0625-1148-46d7-84b5-c1b4d302b316 HTTP/1.1" 200 13 "-" "PostmanRuntime/7.43.4"
::1 - - [26/May/2025:10:29:31 +0000] "PUT /api/books/return?id=4c9d0625-1148-46d7-84b5-c1b4d302b316 HTTP/1.1" 200 13 "-" "PostmanRuntime/7.43.4"
::1 - - [26/May/2025:10:31:35 +0000] "PUT /api/books/return?id=4c9d0625-1148-46d7-84b5-c1b4d302b316 HTTP/1.1" 200 13 "-" "PostmanRuntime/7.43.4"
::1 - - [26/May/2025:10:31:55 +0000] "PUT /api/books/return?id=4c9d0625-1148-46d7-84b5-c1b4d302b316 HTTP/1.1" 200 77 "-" "PostmanRuntime/7.43.4"
::1 - - [26/May/2025:11:07:19 +0000] "PUT /api/books//genre/status?genre=love&status=on_stock HTTP/1.1" 404 162 "-" "PostmanRuntime/7.43.4"
::1 - - [26/May/2025:11:07:33 +0000] "PUT /api/books/genre/status?genre=love&status=on_stock HTTP/1.1" 404 161 "-" "PostmanRuntime/7.43.4"
::1 - - [26/May/2025:11:07:41 +0000] "GET /api/books/genre/status?genre=love&status=on_stock HTTP/1.1" 200 2 "-" "PostmanRuntime/7.43.4"
::1 - - [26/May/2025:11:08:46 +0000] "GET /api/books/genre/status?genre=love&status=on_stock HTTP/1.1" 200 12551 "-" "PostmanRuntime/7.43.4"
::1 - - [29/May/2025:10:36:29 +0000] "GET / HTTP/1.1" 404 139 "-" "Mozilla/5.0 (Windows NT 10.0; Win64; x64) AppleWebKit/537.36 (KHTML, like Gecko) Chrome/136.0.0.0 Safari/537.36 Edg/136.0.0.0"
::1 - - [29/May/2025:10:41:26 +0000] "POST /api/readers/newreader HTTP/1.1" 500 - "-" "PostmanRuntime/7.44.0"
::1 - - [29/May/2025:10:43:24 +0000] "POST /api/readers HTTP/1.1" 500 - "-" "PostmanRuntime/7.44.0"
::1 - - [29/May/2025:10:43:45 +0000] "POST /api/readers HTTP/1.1" 200 - "-" "PostmanRuntime/7.44.0"
::1 - - [29/May/2025:10:47:52 +0000] "POST /api/readers/gavebook HTTP/1.1" 500 - "-" "PostmanRuntime/7.44.0"
::1 - - [29/May/2025:10:50:13 +0000] "POST /api/readers/gavebook HTTP/1.1" 500 - "-" "PostmanRuntime/7.44.0"
::1 - - [29/May/2025:10:56:04 +0000] "POST /api/readers/gavebook HTTP/1.1" 500 - "-" "PostmanRuntime/7.44.0"
::1 - - [29/May/2025:10:56:49 +0000] "POST /api/readers/gavebook HTTP/1.1" 500 - "-" "PostmanRuntime/7.44.0"
::1 - - [29/May/2025:10:57:01 +0000] "POST /api/readers/gavebook HTTP/1.1" 500 - "-" "PostmanRuntime/7.44.0"
::1 - - [29/May/2025:11:07:33 +0000] "POST /api/readers/gavebook HTTP/1.1" 500 - "-" "PostmanRuntime/7.44.0"
::1 - - [29/May/2025:11:09:35 +0000] "POST /api/readers/gavebook HTTP/1.1" 200 4 "-" "PostmanRuntime/7.44.0"
::1 - - [29/May/2025:11:36:32 +0000] "POST /api/readers HTTP/1.1" 200 - "-" "PostmanRuntime/7.44.0"
::1 - - [29/May/2025:11:40:17 +0000] "POST /api/readers HTTP/1.1" 200 - "-" "PostmanRuntime/7.44.0"
::1 - - [29/May/2025:12:04:12 +0000] "GET /api/allreadersbooks?id=123457890 HTTP/1.1" 404 158 "-" "PostmanRuntime/7.44.0"
::1 - - [29/May/2025:12:05:24 +0000] "GET /api/allreadersbooks?id=123457890 HTTP/1.1" 404 158 "-" "PostmanRuntime/7.44.0"
::1 - - [29/May/2025:12:07:53 +0000] "GET /api/allreadersbooks?id=123457890 HTTP/1.1" 404 158 "-" "PostmanRuntime/7.44.0"
::1 - - [29/May/2025:12:09:26 +0000] "GET /api/allreadersbooks?id=123457890 HTTP/1.1" 404 158 "-" "PostmanRuntime/7.44.0"
::1 - - [29/May/2025:12:12:00 +0000] "GET /api/readers/allreadersbooks?id=123457890 HTTP/1.1" 200 146 "-" "PostmanRuntime/7.44.0"
::1 - - [29/May/2025:12:14:48 +0000] "GET /api/readers/allreadersbooks?id=123457890 HTTP/1.1" 200 146 "-" "PostmanRuntime/7.44.0"
::1 - - [29/May/2025:12:15:24 +0000] "GET /api/readers/allreadersbooks?id=1 HTTP/1.1" 200 7 "-" "PostmanRuntime/7.44.0"
::1 - - [29/May/2025:12:24:06 +0000] "GET /api/readers/all_about_readers?id=1 HTTP/1.1" 200 108 "-" "PostmanRuntime/7.44.0"
::1 - - [29/May/2025:12:27:36 +0000] "POST /api/readers/gavebook HTTP/1.1" 200 4 "-" "PostmanRuntime/7.44.0"
::1 - - [29/May/2025:12:27:57 +0000] "POST /api/readers/gavebook HTTP/1.1" 200 4 "-" "PostmanRuntime/7.44.0"
::1 - - [29/May/2025:12:28:28 +0000] "GET /api/readers/all_about_readers?id=123457890 HTTP/1.1" 200 311 "-" "PostmanRuntime/7.44.0"
::1 - - [30/May/2025:00:14:51 +0000] "GET / HTTP/1.1" 404 139 "-" "Mozilla/5.0 (Windows NT 10.0; Win64; x64) AppleWebKit/537.36 (KHTML, like Gecko) Chrome/136.0.0.0 Safari/537.36 Edg/136.0.0.0"
::1 - - [30/May/2025:00:20:44 +0000] "POST /api/books/ HTTP/1.1" 500 - "-" "PostmanRuntime/7.44.0"
::1 - - [30/May/2025:00:24:07 +0000] "POST /api/books/ HTTP/1.1" 500 - "-" "PostmanRuntime/7.44.0"
::1 - - [30/May/2025:00:25:02 +0000] "POST /api/books HTTP/1.1" 500 - "-" "PostmanRuntime/7.44.0"
::1 - - [30/May/2025:00:27:00 +0000] "POST /api/books HTTP/1.1" 500 - "-" "PostmanRuntime/7.44.0"
::1 - - [30/May/2025:00:28:08 +0000] "POST /api/books HTTP/1.1" 500 - "-" "PostmanRuntime/7.44.0"
::1 - - [30/May/2025:00:29:58 +0000] "POST /api/books HTTP/1.1" 500 - "-" "PostmanRuntime/7.44.0"
::1 - - [30/May/2025:00:32:32 +0000] "POST /api/books HTTP/1.1" 500 - "-" "PostmanRuntime/7.44.0"
::1 - - [30/May/2025:00:34:12 +0000] "POST /api/books HTTP/1.1" 500 - "-" "PostmanRuntime/7.44.0"
::1 - - [30/May/2025:00:36:06 +0000] "GET / HTTP/1.1" 404 139 "-" "Mozilla/5.0 (Windows NT 10.0; Win64; x64) AppleWebKit/537.36 (KHTML, like Gecko) Chrome/136.0.0.0 Safari/537.36 Edg/136.0.0.0"
::1 - - [30/May/2025:00:36:20 +0000] "POST /api/books HTTP/1.1" 500 - "-" "PostmanRuntime/7.44.0"
::1 - - [30/May/2025:00:37:32 +0000] "POST /api/books HTTP/1.1" 200 136 "-" "PostmanRuntime/7.44.0"
::1 - - [30/May/2025:00:40:45 +0000] "POST /api/books HTTP/1.1" 200 151 "-" "PostmanRuntime/7.44.0"
::1 - - [30/May/2025:00:41:18 +0000] "POST /api/books HTTP/1.1" 200 144 "-" "PostmanRuntime/7.44.0"
::1 - - [30/May/2025:00:41:43 +0000] "POST /api/books HTTP/1.1" 200 147 "-" "PostmanRuntime/7.44.0"
::1 - - [01/Jun/2025:11:59:27 +0000] "GET / HTTP/1.1" 404 139 "-" "Mozilla/5.0 (Windows NT 10.0; Win64; x64) AppleWebKit/537.36 (KHTML, like Gecko) Chrome/136.0.0.0 Safari/537.36 Edg/136.0.0.0"
::1 - - [01/Jun/2025:12:06:55 +0000] "POST /api/readers HTTP/1.1" 500 - "-" "PostmanRuntime/7.44.0"
::1 - - [01/Jun/2025:12:07:15 +0000] "POST /api/readers HTTP/1.1" 500 - "-" "PostmanRuntime/7.44.0"
::1 - - [01/Jun/2025:12:07:20 +0000] "POST /api/readers HTTP/1.1" 500 - "-" "PostmanRuntime/7.44.0"
::1 - - [01/Jun/2025:12:07:34 +0000] "POST /api/readers HTTP/1.1" 500 - "-" "PostmanRuntime/7.44.0"
::1 - - [01/Jun/2025:12:08:22 +0000] "POST /api/readers HTTP/1.1" 500 - "-" "PostmanRuntime/7.44.0"
::1 - - [01/Jun/2025:12:10:58 +0000] "POST /api/readers HTTP/1.1" 500 - "-" "PostmanRuntime/7.44.0"
::1 - - [01/Jun/2025:12:11:28 +0000] "POST /api/readers HTTP/1.1" 500 - "-" "PostmanRuntime/7.44.0"
::1 - - [01/Jun/2025:12:18:43 +0000] "POST /api/readers HTTP/1.1" 200 - "-" "PostmanRuntime/7.44.0"
::1 - - [01/Jun/2025:12:22:30 +0000] "GET /api/readers/all_about_readers?id=123457890 HTTP/1.1" 200 184 "-" "PostmanRuntime/7.44.0"
::1 - - [01/Jun/2025:12:24:04 +0000] "POST /api/readers/all_about_readers?id=123457890&books=18173b20-12db-4fae-b1e0-75723aff0e92 HTTP/1.1" 404 169 "-" "PostmanRuntime/7.44.0"
::1 - - [01/Jun/2025:12:24:54 +0000] "POST /api/readers/gavebook?id=123457890&books=18173b20-12db-4fae-b1e0-75723aff0e92 HTTP/1.1" 200 4 "-" "PostmanRuntime/7.44.0"
::1 - - [01/Jun/2025:12:28:24 +0000] "POST /api/readers/gavebook?id=123457890&books=18173b20-12db-4fae-b1e0-75723aff0e92 HTTP/1.1" 200 4 "-" "PostmanRuntime/7.44.0"
::1 - - [01/Jun/2025:12:29:30 +0000] "POST /api/readers/gavebook?id=123457890&books=18173b20-12db-4fae-b1e0-75723aff0e92 HTTP/1.1" 200 4 "-" "PostmanRuntime/7.44.0"
::1 - - [02/Jun/2025:11:10:30 +0000] "PATCH /api/readers/gavebook HTTP/1.1" 200 4 "-" "PostmanRuntime/7.44.0"
::1 - - [02/Jun/2025:11:17:16 +0000] "PATCH /api/readers/gavebook HTTP/1.1" 200 4 "-" "PostmanRuntime/7.44.0"
::1 - - [02/Jun/2025:11:36:11 +0000] "POST /api/readers/ HTTP/1.1" 500 - "-" "PostmanRuntime/7.44.0"
::1 - - [02/Jun/2025:11:36:21 +0000] "POST /api/readers/ HTTP/1.1" 500 - "-" "PostmanRuntime/7.44.0"
::1 - - [02/Jun/2025:11:36:36 +0000] "POST /api/readers/ HTTP/1.1" 200 - "-" "PostmanRuntime/7.44.0"
::1 - - [02/Jun/2025:11:37:34 +0000] "POST /api/readers/ HTTP/1.1" 500 - "-" "PostmanRuntime/7.44.0"
::1 - - [02/Jun/2025:11:38:37 +0000] "PATCH /api/readers/gavebook HTTP/1.1" 500 - "-" "PostmanRuntime/7.44.0"
::1 - - [02/Jun/2025:11:41:30 +0000] "PATCH /api/readers/gavebook HTTP/1.1" 500 - "-" "PostmanRuntime/7.44.0"
::1 - - [02/Jun/2025:11:43:15 +0000] "PATCH /api/readers/gavebook HTTP/1.1" 500 - "-" "PostmanRuntime/7.44.0"
::1 - - [02/Jun/2025:11:47:06 +0000] "PATCH /api/readers/gavebook HTTP/1.1" 200 4 "-" "PostmanRuntime/7.44.0"
::1 - - [02/Jun/2025:11:48:43 +0000] "PATCH /api/readers/gavebook HTTP/1.1" 200 4 "-" "PostmanRuntime/7.44.0"
::1 - - [02/Jun/2025:17:51:28 +0000] "POST /api/readers HTTP/1.1" 500 - "-" "PostmanRuntime/7.44.0"
::1 - - [02/Jun/2025:17:51:49 +0000] "POST /api/readers HTTP/1.1" 200 - "-" "PostmanRuntime/7.44.0"
::1 - sidorova@example.com [02/Jun/2025:17:55:59 +0000] "POST /api/readers/ HTTP/1.1" 500 - "-" "PostmanRuntime/7.44.0"
::1 - sidorova@example.com [02/Jun/2025:17:56:09 +0000] "GET /api/readers HTTP/1.1" 404 150 "-" "PostmanRuntime/7.44.0"
::1 - sidorova@example.com [02/Jun/2025:17:56:49 +0000] "GET /api/readers/sidorova@example.com HTTP/1.1" 404 171 "-" "PostmanRuntime/7.44.0"
::1 - sidorova@example.com [02/Jun/2025:18:14:11 +0000] "GET /api/readers/bymail/sidorova@example.com HTTP/1.1" 200 192 "-" "PostmanRuntime/7.44.0"
::1 - sidorova@example.com [02/Jun/2025:18:14:28 +0000] "GET /api/readers/bymail/sidorova@example.com HTTP/1.1" 200 192 "-" "PostmanRuntime/7.44.0"
::1 - sidorova@example.com [02/Jun/2025:18:24:03 +0000] "GET /api/readers/bymail/sidorova@example.com HTTP/1.1" 200 192 "-" "PostmanRuntime/7.44.0"
::1 - - [03/Jun/2025:12:21:43 +0000] "POST /api/readers HTTP/1.1" 404 151 "-" "PostmanRuntime/7.44.0"
::1 - - [03/Jun/2025:12:22:28 +0000] "POST /api/readers HTTP/1.1" 404 151 "-" "PostmanRuntime/7.44.0"
::1 - - [03/Jun/2025:12:24:27 +0000] "POST /api/readers HTTP/1.1" 404 151 "-" "PostmanRuntime/7.44.0"
::1 - - [03/Jun/2025:12:26:03 +0000] "POST /api/readers HTTP/1.1" 404 151 "-" "PostmanRuntime/7.44.0"
::1 - - [03/Jun/2025:17:33:41 +0000] "POST /api//readers HTTP/1.1" 404 152 "-" "PostmanRuntime/7.44.0"
::1 - - [03/Jun/2025:17:33:52 +0000] "POST /api/readers HTTP/1.1" 404 151 "-" "PostmanRuntime/7.44.0"
::1 - - [03/Jun/2025:17:44:26 +0000] "POST /api/readers HTTP/1.1" 404 151 "-" "PostmanRuntime/7.44.0"
::1 - - [03/Jun/2025:17:51:50 +0000] "POST /api/readers HTTP/1.1" 404 151 "-" "PostmanRuntime/7.44.0"
::1 - - [03/Jun/2025:17:52:31 +0000] "POST /api/readers HTTP/1.1" 404 151 "-" "PostmanRuntime/7.44.0"
::1 - - [03/Jun/2025:17:59:17 +0000] "POST /api/readers HTTP/1.1" 404 151 "-" "PostmanRuntime/7.44.0"
::1 - - [03/Jun/2025:18:01:59 +0000] "POST /api/readers HTTP/1.1" 404 151 "-" "PostmanRuntime/7.44.0"
::1 - - [03/Jun/2025:18:04:02 +0000] "POST /api/readers HTTP/1.1" 404 151 "-" "PostmanRuntime/7.44.0"
::1 - - [03/Jun/2025:19:05:24 +0000] "POST /api/readers HTTP/1.1" 403 21 "-" "PostmanRuntime/7.44.0"
::1 - - [06/Jun/2025:00:05:07 +0000] "POST /api/readers HTTP/1.1" 201 - "-" "PostmanRuntime/7.44.0"
::1 - petrov@example.com [06/Jun/2025:00:08:35 +0000] "GET /api/books HTTP/1.1" 200 1184 "-" "PostmanRuntime/7.44.0"
::1 - petrov@example.com [06/Jun/2025:00:19:33 +0000] "GET /api/books/book_byID HTTP/1.1" 500 - "-" "PostmanRuntime/7.44.0"
::1 - petrov@example.com [06/Jun/2025:00:19:57 +0000] "GET /api/books/book_byID HTTP/1.1" 500 - "-" "PostmanRuntime/7.44.0"
::1 - petrov@example.com [06/Jun/2025:00:21:18 +0000] "GET /api/books/book_byID HTTP/1.1" 500 - "-" "PostmanRuntime/7.44.0"
::1 - petrov@example.com [06/Jun/2025:00:23:21 +0000] "GET /api/books/book_byID HTTP/1.1" 500 - "-" "PostmanRuntime/7.44.0"
::1 - petrov@example.com [06/Jun/2025:00:24:35 +0000] "GET /api/books/book_byID HTTP/1.1" 500 - "-" "PostmanRuntime/7.44.0"
::1 - petrov@example.com [06/Jun/2025:00:27:09 +0000] "GET /api/books/book_byID HTTP/1.1" 500 - "-" "PostmanRuntime/7.44.0"
::1 - petrov@example.com [06/Jun/2025:00:27:41 +0000] "GET /api/books/book_byID HTTP/1.1" 500 - "-" "PostmanRuntime/7.44.0"
::1 - petrov@example.com [06/Jun/2025:00:28:43 +0000] "GET /api/books/book_byID HTTP/1.1" 500 - "-" "PostmanRuntime/7.44.0"
::1 - petrov@example.com [06/Jun/2025:00:30:32 +0000] "GET /api/books/book_byID HTTP/1.1" 500 - "-" "PostmanRuntime/7.44.0"
::1 - petrov@example.com [06/Jun/2025:00:35:52 +0000] "GET /api/books/book_byID HTTP/1.1" 500 - "-" "PostmanRuntime/7.44.0"
::1 - petrov@example.com [06/Jun/2025:00:50:59 +0000] "GET /api/books/book_byID HTTP/1.1" 200 280 "-" "PostmanRuntime/7.44.0"
::1 - petrov@example.com [06/Jun/2025:01:18:27 +0000] "POST /api/readers HTTP/1.1" 400 60 "-" "PostmanRuntime/7.44.0"
::1 - petrov@example.com [06/Jun/2025:01:18:39 +0000] "POST /api/readers HTTP/1.1" 201 - "-" "PostmanRuntime/7.44.0"
::1 - petrov@example.com [06/Jun/2025:01:21:54 +0000] "POST /api/readers HTTP/1.1" 201 - "-" "PostmanRuntime/7.44.0"
::1 - petrov@example.com [06/Jun/2025:01:26:03 +0000] "POST /api/readers HTTP/1.1" 201 - "-" "PostmanRuntime/7.44.0"
::1 - - [06/Jun/2025:01:28:06 +0000] "POST /api/readers HTTP/1.1" 201 - "-" "PostmanRuntime/7.44.0"
::1 - - [06/Jun/2025:01:30:57 +0000] "POST /api/readers HTTP/1.1" 201 - "-" "PostmanRuntime/7.44.0"
::1 - - [06/Jun/2025:01:33:16 +0000] "POST /api/readers HTTP/1.1" 201 - "-" "PostmanRuntime/7.44.0"
::1 - adminoflibrary_of_mine.set [06/Jun/2025:02:09:02 +0000] "PATCH /api/readers/updaterole HTTP/1.1" 200 196 "-" "PostmanRuntime/7.44.0"
::1 - adminoflibrary_of_mine.set [06/Jun/2025:02:10:10 +0000] "PATCH /api/readers/updaterole HTTP/1.1" 200 196 "-" "PostmanRuntime/7.44.0"
::1 - adminoflibrary_of_mine.set [06/Jun/2025:02:11:15 +0000] "PATCH /api/readers/updaterole HTTP/1.1" 200 196 "-" "PostmanRuntime/7.44.0"
::1 - - [06/Jun/2025:02:14:46 +0000] "POST /api/readers HTTP/1.1" 201 - "-" "PostmanRuntime/7.44.0"
::1 - - [07/Jun/2025:10:48:48 +0000] "GET /api/readers/readers_of_book HTTP/1.1" 500 - "-" "PostmanRuntime/7.44.0"
::1 - - [07/Jun/2025:10:49:23 +0000] "GET /api/readers/readers_of_book HTTP/1.1" 500 - "-" "PostmanRuntime/7.44.0"
::1 - - [07/Jun/2025:10:57:14 +0000] "GET /api/readers/readers_of_book HTTP/1.1" 500 - "-" "PostmanRuntime/7.44.0"
::1 - - [07/Jun/2025:11:08:27 +0000] "GET /api/readers/readers_of_book HTTP/1.1" 200 428 "-" "PostmanRuntime/7.44.0"
::1 - - [07/Jun/2025:11:12:57 +0000] "GET /api/readers/readers_of_book HTTP/1.1" 200 456 "-" "PostmanRuntime/7.44.0"
